<?xml version="1.0" encoding="UTF-8"?>
<testng-results skipped="1" failed="0" ignored="0" total="1" passed="0">
  <reporter-output>
  </reporter-output>
  <suite name="demo_suite1" duration-ms="39" started-at="2018-02-28T03:51:14Z" finished-at="2018-02-28T03:51:14Z">
    <groups>
    </groups>
    <test name="finish" duration-ms="3" started-at="2018-02-28T03:51:14Z" finished-at="2018-02-28T03:51:14Z">
    </test> <!-- finish -->
    <test name="round1" duration-ms="16" started-at="2018-02-28T03:51:14Z" finished-at="2018-02-28T03:51:14Z">
      <class name="com.ecshop.testutils.AfterEcshopTest">
        <test-method status="PASS" signature="stopService()[pri:0, instance:com.ecshop.testutils.AfterEcshopTest@4501b7af]" name="stopService" is-config="true" duration-ms="5" started-at="2018-02-28T03:51:14Z" finished-at="2018-02-28T03:51:14Z">
          <reporter-output>
          </reporter-output>
        </test-method> <!-- stopService -->
      </class> <!-- com.ecshop.testutils.AfterEcshopTest -->
      <class name="com.ecshop.test.LoginTest">
        <test-method status="SKIP" signature="loginTest1(java.lang.String, java.lang.String, java.lang.String)[pri:0, instance:com.ecshop.test.LoginTest@553f17c]" name="loginTest1" duration-ms="0" started-at="2018-02-28T03:51:14Z" data-provider="calc_CSV_data" finished-at="2018-02-28T03:51:14Z">
          <exception class="java.lang.RuntimeException">
            <message>
              <![CDATA[java.lang.ArrayIndexOutOfBoundsException: 1]]>
            </message>
            <full-stacktrace>
              <![CDATA[java.lang.RuntimeException: java.lang.ArrayIndexOutOfBoundsException: 1
at org.testng.internal.MethodInvocationHelper.invokeMethodNoCheckedException(MethodInvocationHelper.java:49)
at org.testng.internal.MethodInvocationHelper.invokeDataProvider(MethodInvocationHelper.java:131)
at org.testng.internal.Parameters.handleParameters(Parameters.java:706)
at org.testng.internal.ParameterHandler.handleParameters(ParameterHandler.java:49)
at org.testng.internal.ParameterHandler.createParameters(ParameterHandler.java:37)
at org.testng.internal.Invoker.invokeTestMethods(Invoker.java:923)
at org.testng.internal.TestMethodWorker.invokeTestMethods(TestMethodWorker.java:125)
at org.testng.internal.TestMethodWorker.run(TestMethodWorker.java:109)
at org.testng.TestRunner.privateRun(TestRunner.java:648)
at org.testng.TestRunner.run(TestRunner.java:505)
at org.testng.SuiteRunner.runTest(SuiteRunner.java:455)
at org.testng.SuiteRunner.runSequentially(SuiteRunner.java:450)
at org.testng.SuiteRunner.privateRun(SuiteRunner.java:415)
at org.testng.SuiteRunner.run(SuiteRunner.java:364)
at org.testng.SuiteRunnerWorker.runSuite(SuiteRunnerWorker.java:52)
at org.testng.SuiteRunnerWorker.run(SuiteRunnerWorker.java:84)
at org.testng.TestNG.runSuitesSequentially(TestNG.java:1208)
at org.testng.TestNG.runSuitesLocally(TestNG.java:1137)
at org.testng.TestNG.runSuites(TestNG.java:1049)
at org.testng.TestNG.run(TestNG.java:1017)
at org.testng.remote.AbstractRemoteTestNG.run(AbstractRemoteTestNG.java:114)
at org.testng.remote.RemoteTestNG.initAndRun(RemoteTestNG.java:251)
at org.testng.remote.RemoteTestNG.main(RemoteTestNG.java:77)
Caused by: java.lang.ArrayIndexOutOfBoundsException: 1
at com.ecshop.testutils.TestDataFactory.getecshopCSVData(TestDataFactory.java:30)
at sun.reflect.NativeMethodAccessorImpl.invoke0(Native Method)
at sun.reflect.NativeMethodAccessorImpl.invoke(NativeMethodAccessorImpl.java:62)
at sun.reflect.DelegatingMethodAccessorImpl.invoke(DelegatingMethodAccessorImpl.java:43)
at java.lang.reflect.Method.invoke(Method.java:498)
at org.testng.internal.MethodInvocationHelper.invokeMethod(MethodInvocationHelper.java:124)
at org.testng.internal.MethodInvocationHelper.invokeMethod(MethodInvocationHelper.java:74)
at org.testng.internal.MethodInvocationHelper.invokeMethodNoCheckedException(MethodInvocationHelper.java:45)
... 22 more
]]>
            </full-stacktrace>
          </exception> <!-- java.lang.RuntimeException -->
          <reporter-output>
          </reporter-output>
        </test-method> <!-- loginTest1 -->
      </class> <!-- com.ecshop.test.LoginTest -->
    </test> <!-- round1 -->
  </suite> <!-- demo_suite1 -->
</testng-results>
